[0.008s] Invoking command in '/mujoco_rm_ws/ros2/build/mujoco_rm_bringup': CMAKE_PREFIX_PATH=/opt/ros/humble /usr/bin/cmake /mujoco_rm_ws/ros2/src/mujoco_rm_bringup -DAMENT_CMAKE_SYMLINK_INSTALL=1 -DCMAKE_INSTALL_PREFIX=/mujoco_rm_ws/ros2/install/mujoco_rm_bringup
[0.060s] -- The C compiler identification is GNU 11.4.0
[0.111s] -- The CXX compiler identification is GNU 11.4.0
[0.115s] -- Detecting C compiler ABI info
[0.183s] -- Detecting C compiler ABI info - done
[0.187s] -- Check for working C compiler: /usr/bin/cc - skipped
[0.187s] -- Detecting C compile features
[0.187s] -- Detecting C compile features - done
[0.188s] -- Detecting CXX compiler ABI info
[0.255s] -- Detecting CXX compiler ABI info - done
[0.258s] -- Check for working CXX compiler: /usr/bin/c++ - skipped
[0.258s] -- Detecting CXX compile features
[0.258s] -- Detecting CXX compile features - done
[0.258s] -- Found ament_cmake: 1.3.12 (/opt/ros/humble/share/ament_cmake/cmake)
[0.335s] -- Override CMake install command with custom implementation using symlinks instead of copying resources
[0.398s] -- Configuring done
[0.399s] -- Generating done
[0.400s] -- Build files have been written to: /mujoco_rm_ws/ros2/build/mujoco_rm_bringup
[0.405s] Invoked command in '/mujoco_rm_ws/ros2/build/mujoco_rm_bringup' returned '0': CMAKE_PREFIX_PATH=/opt/ros/humble /usr/bin/cmake /mujoco_rm_ws/ros2/src/mujoco_rm_bringup -DAMENT_CMAKE_SYMLINK_INSTALL=1 -DCMAKE_INSTALL_PREFIX=/mujoco_rm_ws/ros2/install/mujoco_rm_bringup
[0.406s] Invoking command in '/mujoco_rm_ws/ros2/build/mujoco_rm_bringup': CMAKE_PREFIX_PATH=/opt/ros/humble /usr/bin/cmake --build /mujoco_rm_ws/ros2/build/mujoco_rm_bringup -- -j24 -l24
[0.453s] Built target ament_cmake_python_symlink_mujoco_rm_bringup_setup
[0.459s] Built target ament_cmake_python_symlink_mujoco_rm_bringup
[0.554s] running egg_info
[0.554s] writing mujoco_rm_bringup.egg-info/PKG-INFO
[0.555s] writing dependency_links to mujoco_rm_bringup.egg-info/dependency_links.txt
[0.555s] writing top-level names to mujoco_rm_bringup.egg-info/top_level.txt
[0.555s] reading manifest file 'mujoco_rm_bringup.egg-info/SOURCES.txt'
[0.556s] writing manifest file 'mujoco_rm_bringup.egg-info/SOURCES.txt'
[0.568s] Built target ament_cmake_python_build_mujoco_rm_bringup_egg
[0.580s] Invoked command in '/mujoco_rm_ws/ros2/build/mujoco_rm_bringup' returned '0': CMAKE_PREFIX_PATH=/opt/ros/humble /usr/bin/cmake --build /mujoco_rm_ws/ros2/build/mujoco_rm_bringup -- -j24 -l24
[0.587s] Invoking command in '/mujoco_rm_ws/ros2/build/mujoco_rm_bringup': CMAKE_PREFIX_PATH=/opt/ros/humble /usr/bin/cmake --install /mujoco_rm_ws/ros2/build/mujoco_rm_bringup
[0.590s] -- Install configuration: ""
[0.590s] -- Execute custom install script
[0.590s] -- Up-to-date symlink: /mujoco_rm_ws/ros2/install/mujoco_rm_bringup/share/mujoco_rm_bringup/environment/pythonpath.sh
[0.590s] -- Up-to-date symlink: /mujoco_rm_ws/ros2/install/mujoco_rm_bringup/share/mujoco_rm_bringup/environment/pythonpath.dsv
[0.590s] -- Up-to-date symlink: /mujoco_rm_ws/ros2/install/mujoco_rm_bringup/local/lib/python3.10/dist-packages/mujoco_rm_bringup-0.0.1-py3.10.egg-info/PKG-INFO
[0.590s] -- Up-to-date symlink: /mujoco_rm_ws/ros2/install/mujoco_rm_bringup/local/lib/python3.10/dist-packages/mujoco_rm_bringup-0.0.1-py3.10.egg-info/SOURCES.txt
[0.590s] -- Up-to-date symlink: /mujoco_rm_ws/ros2/install/mujoco_rm_bringup/local/lib/python3.10/dist-packages/mujoco_rm_bringup-0.0.1-py3.10.egg-info/dependency_links.txt
[0.590s] -- Up-to-date symlink: /mujoco_rm_ws/ros2/install/mujoco_rm_bringup/local/lib/python3.10/dist-packages/mujoco_rm_bringup-0.0.1-py3.10.egg-info/top_level.txt
[0.590s] -- Up-to-date symlink: /mujoco_rm_ws/ros2/install/mujoco_rm_bringup/local/lib/python3.10/dist-packages/mujoco_rm_bringup/__init__.py
[0.590s] -- Up-to-date symlink: /mujoco_rm_ws/ros2/install/mujoco_rm_bringup/local/lib/python3.10/dist-packages/mujoco_rm_bringup/joy_servo_teleop_node.py
[0.590s] -- Up-to-date symlink: /mujoco_rm_ws/ros2/install/mujoco_rm_bringup/local/lib/python3.10/dist-packages/mujoco_rm_bringup/mujoco_sim_node.py
[0.590s] -- Up-to-date symlink: /mujoco_rm_ws/ros2/install/mujoco_rm_bringup/lib/mujoco_rm_bringup/mujoco_sim
[0.590s] -- Up-to-date symlink: /mujoco_rm_ws/ros2/install/mujoco_rm_bringup/lib/mujoco_rm_bringup/joy_servo_teleop
[0.590s] -- Up-to-date symlink: /mujoco_rm_ws/ros2/install/mujoco_rm_bringup/share/mujoco_rm_bringup/launch/__pycache__/joy_mujoco_cam.launch.cpython-310.pyc
[0.590s] -- Up-to-date symlink: /mujoco_rm_ws/ros2/install/mujoco_rm_bringup/share/mujoco_rm_bringup/launch/joy_mujoco_cam.launch.py
[0.590s] -- Up-to-date symlink: /mujoco_rm_ws/ros2/install/mujoco_rm_bringup/share/mujoco_rm_bringup/launch/teleop_linux.launch.xml
[0.590s] -- Up-to-date symlink: /mujoco_rm_ws/ros2/install/mujoco_rm_bringup/share/mujoco_rm_bringup/config/servos.yaml
[0.590s] -- Up-to-date symlink: /mujoco_rm_ws/ros2/install/mujoco_rm_bringup/share/mujoco_rm_bringup/config/teleop_twist_joy.yaml
[0.590s] -- Up-to-date symlink: /mujoco_rm_ws/ros2/install/mujoco_rm_bringup/share/mujoco_rm_bringup/config/xbox_joy_config_mujoco.yaml
[0.590s] -- Up-to-date symlink: /mujoco_rm_ws/ros2/install/mujoco_rm_bringup/share/mujoco_rm_bringup/config/xbox_piloting.yaml
[0.590s] -- Up-to-date symlink: /mujoco_rm_ws/ros2/install/mujoco_rm_bringup/share/ament_index/resource_index/package_run_dependencies/mujoco_rm_bringup
[0.590s] -- Up-to-date symlink: /mujoco_rm_ws/ros2/install/mujoco_rm_bringup/share/ament_index/resource_index/parent_prefix_path/mujoco_rm_bringup
[0.590s] -- Up-to-date symlink: /mujoco_rm_ws/ros2/install/mujoco_rm_bringup/share/mujoco_rm_bringup/environment/ament_prefix_path.sh
[0.590s] -- Up-to-date symlink: /mujoco_rm_ws/ros2/install/mujoco_rm_bringup/share/mujoco_rm_bringup/environment/ament_prefix_path.dsv
[0.590s] -- Up-to-date symlink: /mujoco_rm_ws/ros2/install/mujoco_rm_bringup/share/mujoco_rm_bringup/environment/path.sh
[0.591s] -- Up-to-date symlink: /mujoco_rm_ws/ros2/install/mujoco_rm_bringup/share/mujoco_rm_bringup/environment/path.dsv
[0.591s] -- Up-to-date symlink: /mujoco_rm_ws/ros2/install/mujoco_rm_bringup/share/mujoco_rm_bringup/local_setup.bash
[0.591s] -- Up-to-date symlink: /mujoco_rm_ws/ros2/install/mujoco_rm_bringup/share/mujoco_rm_bringup/local_setup.sh
[0.591s] -- Up-to-date symlink: /mujoco_rm_ws/ros2/install/mujoco_rm_bringup/share/mujoco_rm_bringup/local_setup.zsh
[0.591s] -- Up-to-date symlink: /mujoco_rm_ws/ros2/install/mujoco_rm_bringup/share/mujoco_rm_bringup/local_setup.dsv
[0.591s] -- Symlinking: /mujoco_rm_ws/ros2/install/mujoco_rm_bringup/share/mujoco_rm_bringup/package.dsv
[0.596s] -- Up-to-date symlink: /mujoco_rm_ws/ros2/install/mujoco_rm_bringup/share/ament_index/resource_index/packages/mujoco_rm_bringup
[0.596s] -- Up-to-date symlink: /mujoco_rm_ws/ros2/install/mujoco_rm_bringup/share/mujoco_rm_bringup/cmake/mujoco_rm_bringupConfig.cmake
[0.596s] -- Up-to-date symlink: /mujoco_rm_ws/ros2/install/mujoco_rm_bringup/share/mujoco_rm_bringup/cmake/mujoco_rm_bringupConfig-version.cmake
[0.596s] -- Up-to-date symlink: /mujoco_rm_ws/ros2/install/mujoco_rm_bringup/share/mujoco_rm_bringup/package.xml
[0.612s] Listing '/mujoco_rm_ws/ros2/install/mujoco_rm_bringup/local/lib/python3.10/dist-packages/mujoco_rm_bringup'...
[0.618s] Invoked command in '/mujoco_rm_ws/ros2/build/mujoco_rm_bringup' returned '0': CMAKE_PREFIX_PATH=/opt/ros/humble /usr/bin/cmake --install /mujoco_rm_ws/ros2/build/mujoco_rm_bringup
