Built target ament_cmake_python_symlink_mujoco_rm_bringup_setup
Built target ament_cmake_python_symlink_mujoco_rm_bringup
running egg_info
writing mujoco_rm_bringup.egg-info/PKG-INFO
writing dependency_links to mujoco_rm_bringup.egg-info/dependency_links.txt
writing top-level names to mujoco_rm_bringup.egg-info/top_level.txt
reading manifest file 'mujoco_rm_bringup.egg-info/SOURCES.txt'
writing manifest file 'mujoco_rm_bringup.egg-info/SOURCES.txt'
Built target ament_cmake_python_build_mujoco_rm_bringup_egg
-- Install configuration: ""
-- Execute custom install script
-- Up-to-date symlink: /mujoco_rm_ws/ros2/install/mujoco_rm_bringup/share/mujoco_rm_bringup/environment/pythonpath.sh
-- Up-to-date symlink: /mujoco_rm_ws/ros2/install/mujoco_rm_bringup/share/mujoco_rm_bringup/environment/pythonpath.dsv
-- Up-to-date symlink: /mujoco_rm_ws/ros2/install/mujoco_rm_bringup/local/lib/python3.10/dist-packages/mujoco_rm_bringup-0.0.1-py3.10.egg-info/PKG-INFO
-- Up-to-date symlink: /mujoco_rm_ws/ros2/install/mujoco_rm_bringup/local/lib/python3.10/dist-packages/mujoco_rm_bringup-0.0.1-py3.10.egg-info/SOURCES.txt
-- Up-to-date symlink: /mujoco_rm_ws/ros2/install/mujoco_rm_bringup/local/lib/python3.10/dist-packages/mujoco_rm_bringup-0.0.1-py3.10.egg-info/dependency_links.txt
-- Up-to-date symlink: /mujoco_rm_ws/ros2/install/mujoco_rm_bringup/local/lib/python3.10/dist-packages/mujoco_rm_bringup-0.0.1-py3.10.egg-info/top_level.txt
-- Up-to-date symlink: /mujoco_rm_ws/ros2/install/mujoco_rm_bringup/local/lib/python3.10/dist-packages/mujoco_rm_bringup/__init__.py
-- Up-to-date symlink: /mujoco_rm_ws/ros2/install/mujoco_rm_bringup/local/lib/python3.10/dist-packages/mujoco_rm_bringup/joy_base_teleop_node.py
-- Up-to-date symlink: /mujoco_rm_ws/ros2/install/mujoco_rm_bringup/local/lib/python3.10/dist-packages/mujoco_rm_bringup/joy_servo_teleop_node.py
-- Up-to-date symlink: /mujoco_rm_ws/ros2/install/mujoco_rm_bringup/local/lib/python3.10/dist-packages/mujoco_rm_bringup/mujoco_sim_node.py
-- Up-to-date symlink: /mujoco_rm_ws/ros2/install/mujoco_rm_bringup/local/lib/python3.10/dist-packages/mujoco_rm_bringup/servo_config.py
-- Up-to-date symlink: /mujoco_rm_ws/ros2/install/mujoco_rm_bringup/lib/mujoco_rm_bringup/mujoco_sim
-- Up-to-date symlink: /mujoco_rm_ws/ros2/install/mujoco_rm_bringup/lib/mujoco_rm_bringup/joy_base_teleop
-- Up-to-date symlink: /mujoco_rm_ws/ros2/install/mujoco_rm_bringup/lib/mujoco_rm_bringup/joy_servo_teleop
-- Up-to-date symlink: /mujoco_rm_ws/ros2/install/mujoco_rm_bringup/share/mujoco_rm_bringup/launch/__pycache__/joy_mujoco_cam.launch.cpython-310.pyc
-- Up-to-date symlink: /mujoco_rm_ws/ros2/install/mujoco_rm_bringup/share/mujoco_rm_bringup/launch/joy_mujoco_cam.launch.py
-- Up-to-date symlink: /mujoco_rm_ws/ros2/install/mujoco_rm_bringup/share/mujoco_rm_bringup/launch/teleop_linux.launch.xml
-- Up-to-date symlink: /mujoco_rm_ws/ros2/install/mujoco_rm_bringup/share/mujoco_rm_bringup/config/servos.yaml
-- Up-to-date symlink: /mujoco_rm_ws/ros2/install/mujoco_rm_bringup/share/mujoco_rm_bringup/config/teleop_twist_joy.yaml
-- Up-to-date symlink: /mujoco_rm_ws/ros2/install/mujoco_rm_bringup/share/mujoco_rm_bringup/config/xbox_joy_config_mujoco.yaml
-- Up-to-date symlink: /mujoco_rm_ws/ros2/install/mujoco_rm_bringup/share/mujoco_rm_bringup/config/xbox_piloting.yaml
-- Up-to-date symlink: /mujoco_rm_ws/ros2/install/mujoco_rm_bringup/share/ament_index/resource_index/package_run_dependencies/mujoco_rm_bringup
-- Up-to-date symlink: /mujoco_rm_ws/ros2/install/mujoco_rm_bringup/share/ament_index/resource_index/parent_prefix_path/mujoco_rm_bringup
-- Up-to-date symlink: /mujoco_rm_ws/ros2/install/mujoco_rm_bringup/share/mujoco_rm_bringup/environment/ament_prefix_path.sh
-- Up-to-date symlink: /mujoco_rm_ws/ros2/install/mujoco_rm_bringup/share/mujoco_rm_bringup/environment/ament_prefix_path.dsv
-- Up-to-date symlink: /mujoco_rm_ws/ros2/install/mujoco_rm_bringup/share/mujoco_rm_bringup/environment/path.sh
-- Up-to-date symlink: /mujoco_rm_ws/ros2/install/mujoco_rm_bringup/share/mujoco_rm_bringup/environment/path.dsv
-- Up-to-date symlink: /mujoco_rm_ws/ros2/install/mujoco_rm_bringup/share/mujoco_rm_bringup/local_setup.bash
-- Up-to-date symlink: /mujoco_rm_ws/ros2/install/mujoco_rm_bringup/share/mujoco_rm_bringup/local_setup.sh
-- Up-to-date symlink: /mujoco_rm_ws/ros2/install/mujoco_rm_bringup/share/mujoco_rm_bringup/local_setup.zsh
-- Up-to-date symlink: /mujoco_rm_ws/ros2/install/mujoco_rm_bringup/share/mujoco_rm_bringup/local_setup.dsv
-- Symlinking: /mujoco_rm_ws/ros2/install/mujoco_rm_bringup/share/mujoco_rm_bringup/package.dsv
-- Up-to-date symlink: /mujoco_rm_ws/ros2/install/mujoco_rm_bringup/share/ament_index/resource_index/packages/mujoco_rm_bringup
-- Up-to-date symlink: /mujoco_rm_ws/ros2/install/mujoco_rm_bringup/share/mujoco_rm_bringup/cmake/mujoco_rm_bringupConfig.cmake
-- Up-to-date symlink: /mujoco_rm_ws/ros2/install/mujoco_rm_bringup/share/mujoco_rm_bringup/cmake/mujoco_rm_bringupConfig-version.cmake
-- Up-to-date symlink: /mujoco_rm_ws/ros2/install/mujoco_rm_bringup/share/mujoco_rm_bringup/package.xml
Listing '/mujoco_rm_ws/ros2/install/mujoco_rm_bringup/local/lib/python3.10/dist-packages/mujoco_rm_bringup'...
Compiling '/mujoco_rm_ws/ros2/install/mujoco_rm_bringup/local/lib/python3.10/dist-packages/mujoco_rm_bringup/joy_servo_teleop_node.py'...
