[0.008s] Invoking command in '/mujoco_rm_ws/ros2/build/mujoco_rm_bringup': CMAKE_PREFIX_PATH=/opt/ros/humble /usr/bin/cmake --build /mujoco_rm_ws/ros2/build/mujoco_rm_bringup -- -j24 -l24
[0.020s] -- Found ament_cmake: 1.3.12 (/opt/ros/humble/share/ament_cmake/cmake)
[0.084s] -- Override CMake install command with custom implementation using symlinks instead of copying resources
[0.149s] -- Configuring done
[0.152s] -- Generating done
[0.153s] -- Build files have been written to: /mujoco_rm_ws/ros2/build/mujoco_rm_bringup
[0.178s] Built target ament_cmake_python_symlink_mujoco_rm_bringup_setup
[0.179s] Built target ament_cmake_python_symlink_mujoco_rm_bringup
[0.272s] running egg_info
[0.272s] writing mujoco_rm_bringup.egg-info/PKG-INFO
[0.272s] writing dependency_links to mujoco_rm_bringup.egg-info/dependency_links.txt
[0.272s] writing top-level names to mujoco_rm_bringup.egg-info/top_level.txt
[0.273s] reading manifest file 'mujoco_rm_bringup.egg-info/SOURCES.txt'
[0.273s] writing manifest file 'mujoco_rm_bringup.egg-info/SOURCES.txt'
[0.287s] Built target ament_cmake_python_build_mujoco_rm_bringup_egg
[0.292s] Invoked command in '/mujoco_rm_ws/ros2/build/mujoco_rm_bringup' returned '0': CMAKE_PREFIX_PATH=/opt/ros/humble /usr/bin/cmake --build /mujoco_rm_ws/ros2/build/mujoco_rm_bringup -- -j24 -l24
[0.300s] Invoking command in '/mujoco_rm_ws/ros2/build/mujoco_rm_bringup': CMAKE_PREFIX_PATH=/opt/ros/humble /usr/bin/cmake --install /mujoco_rm_ws/ros2/build/mujoco_rm_bringup
[0.304s] -- Install configuration: ""
[0.304s] -- Execute custom install script
[0.304s] -- Up-to-date symlink: /mujoco_rm_ws/ros2/install/mujoco_rm_bringup/share/mujoco_rm_bringup/environment/pythonpath.sh
[0.305s] -- Up-to-date symlink: /mujoco_rm_ws/ros2/install/mujoco_rm_bringup/share/mujoco_rm_bringup/environment/pythonpath.dsv
[0.305s] -- Up-to-date symlink: /mujoco_rm_ws/ros2/install/mujoco_rm_bringup/local/lib/python3.10/dist-packages/mujoco_rm_bringup-0.0.1-py3.10.egg-info/PKG-INFO
[0.305s] -- Up-to-date symlink: /mujoco_rm_ws/ros2/install/mujoco_rm_bringup/local/lib/python3.10/dist-packages/mujoco_rm_bringup-0.0.1-py3.10.egg-info/SOURCES.txt
[0.305s] -- Up-to-date symlink: /mujoco_rm_ws/ros2/install/mujoco_rm_bringup/local/lib/python3.10/dist-packages/mujoco_rm_bringup-0.0.1-py3.10.egg-info/dependency_links.txt
[0.305s] -- Up-to-date symlink: /mujoco_rm_ws/ros2/install/mujoco_rm_bringup/local/lib/python3.10/dist-packages/mujoco_rm_bringup-0.0.1-py3.10.egg-info/top_level.txt
[0.305s] -- Up-to-date symlink: /mujoco_rm_ws/ros2/install/mujoco_rm_bringup/local/lib/python3.10/dist-packages/mujoco_rm_bringup/__init__.py
[0.305s] -- Symlinking: /mujoco_rm_ws/ros2/install/mujoco_rm_bringup/local/lib/python3.10/dist-packages/mujoco_rm_bringup/joy_base_teleop_node.py
[0.311s] -- Up-to-date symlink: /mujoco_rm_ws/ros2/install/mujoco_rm_bringup/local/lib/python3.10/dist-packages/mujoco_rm_bringup/joy_servo_teleop_node.py
[0.311s] -- Up-to-date symlink: /mujoco_rm_ws/ros2/install/mujoco_rm_bringup/local/lib/python3.10/dist-packages/mujoco_rm_bringup/mujoco_sim_node.py
[0.311s] -- Up-to-date symlink: /mujoco_rm_ws/ros2/install/mujoco_rm_bringup/local/lib/python3.10/dist-packages/mujoco_rm_bringup/servo_config.py
[0.311s] -- Up-to-date symlink: /mujoco_rm_ws/ros2/install/mujoco_rm_bringup/lib/mujoco_rm_bringup/mujoco_sim
[0.311s] -- Symlinking: /mujoco_rm_ws/ros2/install/mujoco_rm_bringup/lib/mujoco_rm_bringup/joy_base_teleop
[0.316s] -- Up-to-date symlink: /mujoco_rm_ws/ros2/install/mujoco_rm_bringup/lib/mujoco_rm_bringup/joy_servo_teleop
[0.316s] -- Up-to-date symlink: /mujoco_rm_ws/ros2/install/mujoco_rm_bringup/share/mujoco_rm_bringup/launch/__pycache__/joy_mujoco_cam.launch.cpython-310.pyc
[0.316s] -- Up-to-date symlink: /mujoco_rm_ws/ros2/install/mujoco_rm_bringup/share/mujoco_rm_bringup/launch/joy_mujoco_cam.launch.py
[0.316s] -- Up-to-date symlink: /mujoco_rm_ws/ros2/install/mujoco_rm_bringup/share/mujoco_rm_bringup/launch/teleop_linux.launch.xml
[0.317s] -- Up-to-date symlink: /mujoco_rm_ws/ros2/install/mujoco_rm_bringup/share/mujoco_rm_bringup/config/servos.yaml
[0.317s] -- Up-to-date symlink: /mujoco_rm_ws/ros2/install/mujoco_rm_bringup/share/mujoco_rm_bringup/config/teleop_twist_joy.yaml
[0.317s] -- Up-to-date symlink: /mujoco_rm_ws/ros2/install/mujoco_rm_bringup/share/mujoco_rm_bringup/config/xbox_joy_config_mujoco.yaml
[0.317s] -- Up-to-date symlink: /mujoco_rm_ws/ros2/install/mujoco_rm_bringup/share/mujoco_rm_bringup/config/xbox_piloting.yaml
[0.317s] -- Up-to-date symlink: /mujoco_rm_ws/ros2/install/mujoco_rm_bringup/share/ament_index/resource_index/package_run_dependencies/mujoco_rm_bringup
[0.317s] -- Up-to-date symlink: /mujoco_rm_ws/ros2/install/mujoco_rm_bringup/share/ament_index/resource_index/parent_prefix_path/mujoco_rm_bringup
[0.317s] -- Up-to-date symlink: /mujoco_rm_ws/ros2/install/mujoco_rm_bringup/share/mujoco_rm_bringup/environment/ament_prefix_path.sh
[0.317s] -- Up-to-date symlink: /mujoco_rm_ws/ros2/install/mujoco_rm_bringup/share/mujoco_rm_bringup/environment/ament_prefix_path.dsv
[0.317s] -- Up-to-date symlink: /mujoco_rm_ws/ros2/install/mujoco_rm_bringup/share/mujoco_rm_bringup/environment/path.sh
[0.317s] -- Up-to-date symlink: /mujoco_rm_ws/ros2/install/mujoco_rm_bringup/share/mujoco_rm_bringup/environment/path.dsv
[0.317s] -- Up-to-date symlink: /mujoco_rm_ws/ros2/install/mujoco_rm_bringup/share/mujoco_rm_bringup/local_setup.bash
[0.317s] -- Up-to-date symlink: /mujoco_rm_ws/ros2/install/mujoco_rm_bringup/share/mujoco_rm_bringup/local_setup.sh
[0.317s] -- Up-to-date symlink: /mujoco_rm_ws/ros2/install/mujoco_rm_bringup/share/mujoco_rm_bringup/local_setup.zsh
[0.317s] -- Up-to-date symlink: /mujoco_rm_ws/ros2/install/mujoco_rm_bringup/share/mujoco_rm_bringup/local_setup.dsv
[0.317s] -- Symlinking: /mujoco_rm_ws/ros2/install/mujoco_rm_bringup/share/mujoco_rm_bringup/package.dsv
[0.321s] -- Up-to-date symlink: /mujoco_rm_ws/ros2/install/mujoco_rm_bringup/share/ament_index/resource_index/packages/mujoco_rm_bringup
[0.322s] -- Up-to-date symlink: /mujoco_rm_ws/ros2/install/mujoco_rm_bringup/share/mujoco_rm_bringup/cmake/mujoco_rm_bringupConfig.cmake
[0.322s] -- Up-to-date symlink: /mujoco_rm_ws/ros2/install/mujoco_rm_bringup/share/mujoco_rm_bringup/cmake/mujoco_rm_bringupConfig-version.cmake
[0.322s] -- Up-to-date symlink: /mujoco_rm_ws/ros2/install/mujoco_rm_bringup/share/mujoco_rm_bringup/package.xml
[0.340s] Listing '/mujoco_rm_ws/ros2/install/mujoco_rm_bringup/local/lib/python3.10/dist-packages/mujoco_rm_bringup'...
[0.340s] Compiling '/mujoco_rm_ws/ros2/install/mujoco_rm_bringup/local/lib/python3.10/dist-packages/mujoco_rm_bringup/joy_base_teleop_node.py'...
[0.343s] Invoked command in '/mujoco_rm_ws/ros2/build/mujoco_rm_bringup' returned '0': CMAKE_PREFIX_PATH=/opt/ros/humble /usr/bin/cmake --install /mujoco_rm_ws/ros2/build/mujoco_rm_bringup
