[0.002s] Invoking command in '/mujoco_rm_ws/ros2/build/mujoco_rm_bringup': CMAKE_PREFIX_PATH=/opt/ros/humble /usr/bin/cmake --build /mujoco_rm_ws/ros2/build/mujoco_rm_bringup -- -j24 -l24
[0.045s] Built target ament_cmake_python_symlink_mujoco_rm_bringup
[0.045s] Built target ament_cmake_python_symlink_mujoco_rm_bringup_setup
[0.141s] running egg_info
[0.141s] writing mujoco_rm_bringup.egg-info/PKG-INFO
[0.141s] writing dependency_links to mujoco_rm_bringup.egg-info/dependency_links.txt
[0.141s] writing top-level names to mujoco_rm_bringup.egg-info/top_level.txt
[0.143s] reading manifest file 'mujoco_rm_bringup.egg-info/SOURCES.txt'
[0.144s] writing manifest file 'mujoco_rm_bringup.egg-info/SOURCES.txt'
[0.160s] Built target ament_cmake_python_build_mujoco_rm_bringup_egg
[0.170s] Invoked command in '/mujoco_rm_ws/ros2/build/mujoco_rm_bringup' returned '0': CMAKE_PREFIX_PATH=/opt/ros/humble /usr/bin/cmake --build /mujoco_rm_ws/ros2/build/mujoco_rm_bringup -- -j24 -l24
[0.178s] Invoking command in '/mujoco_rm_ws/ros2/build/mujoco_rm_bringup': CMAKE_PREFIX_PATH=/opt/ros/humble /usr/bin/cmake --install /mujoco_rm_ws/ros2/build/mujoco_rm_bringup
[0.183s] -- Install configuration: ""
[0.183s] -- Execute custom install script
[0.184s] -- Up-to-date symlink: /mujoco_rm_ws/ros2/install/mujoco_rm_bringup/share/mujoco_rm_bringup/environment/pythonpath.sh
[0.184s] -- Up-to-date symlink: /mujoco_rm_ws/ros2/install/mujoco_rm_bringup/share/mujoco_rm_bringup/environment/pythonpath.dsv
[0.184s] -- Up-to-date symlink: /mujoco_rm_ws/ros2/install/mujoco_rm_bringup/local/lib/python3.10/dist-packages/mujoco_rm_bringup-0.0.1-py3.10.egg-info/PKG-INFO
[0.184s] -- Up-to-date symlink: /mujoco_rm_ws/ros2/install/mujoco_rm_bringup/local/lib/python3.10/dist-packages/mujoco_rm_bringup-0.0.1-py3.10.egg-info/SOURCES.txt
[0.184s] -- Up-to-date symlink: /mujoco_rm_ws/ros2/install/mujoco_rm_bringup/local/lib/python3.10/dist-packages/mujoco_rm_bringup-0.0.1-py3.10.egg-info/dependency_links.txt
[0.184s] -- Up-to-date symlink: /mujoco_rm_ws/ros2/install/mujoco_rm_bringup/local/lib/python3.10/dist-packages/mujoco_rm_bringup-0.0.1-py3.10.egg-info/top_level.txt
[0.184s] -- Up-to-date symlink: /mujoco_rm_ws/ros2/install/mujoco_rm_bringup/local/lib/python3.10/dist-packages/mujoco_rm_bringup/__init__.py
[0.184s] -- Up-to-date symlink: /mujoco_rm_ws/ros2/install/mujoco_rm_bringup/local/lib/python3.10/dist-packages/mujoco_rm_bringup/joy_base_teleop_node.py
[0.184s] -- Up-to-date symlink: /mujoco_rm_ws/ros2/install/mujoco_rm_bringup/local/lib/python3.10/dist-packages/mujoco_rm_bringup/joy_servo_teleop_node.py
[0.184s] -- Up-to-date symlink: /mujoco_rm_ws/ros2/install/mujoco_rm_bringup/local/lib/python3.10/dist-packages/mujoco_rm_bringup/mujoco_sim_node.py
[0.184s] -- Up-to-date symlink: /mujoco_rm_ws/ros2/install/mujoco_rm_bringup/local/lib/python3.10/dist-packages/mujoco_rm_bringup/servo_config.py
[0.184s] -- Up-to-date symlink: /mujoco_rm_ws/ros2/install/mujoco_rm_bringup/lib/mujoco_rm_bringup/mujoco_sim
[0.184s] -- Up-to-date symlink: /mujoco_rm_ws/ros2/install/mujoco_rm_bringup/lib/mujoco_rm_bringup/joy_base_teleop
[0.184s] -- Up-to-date symlink: /mujoco_rm_ws/ros2/install/mujoco_rm_bringup/lib/mujoco_rm_bringup/joy_servo_teleop
[0.185s] -- Up-to-date symlink: /mujoco_rm_ws/ros2/install/mujoco_rm_bringup/share/mujoco_rm_bringup/launch/__pycache__/joy_mujoco_cam.launch.cpython-310.pyc
[0.185s] -- Up-to-date symlink: /mujoco_rm_ws/ros2/install/mujoco_rm_bringup/share/mujoco_rm_bringup/launch/joy_mujoco_cam.launch.py
[0.185s] -- Up-to-date symlink: /mujoco_rm_ws/ros2/install/mujoco_rm_bringup/share/mujoco_rm_bringup/launch/teleop_linux.launch.xml
[0.185s] -- Up-to-date symlink: /mujoco_rm_ws/ros2/install/mujoco_rm_bringup/share/mujoco_rm_bringup/config/servos.yaml
[0.185s] -- Up-to-date symlink: /mujoco_rm_ws/ros2/install/mujoco_rm_bringup/share/mujoco_rm_bringup/config/teleop_twist_joy.yaml
[0.185s] -- Up-to-date symlink: /mujoco_rm_ws/ros2/install/mujoco_rm_bringup/share/mujoco_rm_bringup/config/xbox_joy_config_mujoco.yaml
[0.185s] -- Up-to-date symlink: /mujoco_rm_ws/ros2/install/mujoco_rm_bringup/share/mujoco_rm_bringup/config/xbox_piloting.yaml
[0.185s] -- Up-to-date symlink: /mujoco_rm_ws/ros2/install/mujoco_rm_bringup/share/ament_index/resource_index/package_run_dependencies/mujoco_rm_bringup
[0.185s] -- Up-to-date symlink: /mujoco_rm_ws/ros2/install/mujoco_rm_bringup/share/ament_index/resource_index/parent_prefix_path/mujoco_rm_bringup
[0.185s] -- Up-to-date symlink: /mujoco_rm_ws/ros2/install/mujoco_rm_bringup/share/mujoco_rm_bringup/environment/ament_prefix_path.sh
[0.185s] -- Up-to-date symlink: /mujoco_rm_ws/ros2/install/mujoco_rm_bringup/share/mujoco_rm_bringup/environment/ament_prefix_path.dsv
[0.185s] -- Up-to-date symlink: /mujoco_rm_ws/ros2/install/mujoco_rm_bringup/share/mujoco_rm_bringup/environment/path.sh
[0.185s] -- Up-to-date symlink: /mujoco_rm_ws/ros2/install/mujoco_rm_bringup/share/mujoco_rm_bringup/environment/path.dsv
[0.185s] -- Up-to-date symlink: /mujoco_rm_ws/ros2/install/mujoco_rm_bringup/share/mujoco_rm_bringup/local_setup.bash
[0.185s] -- Up-to-date symlink: /mujoco_rm_ws/ros2/install/mujoco_rm_bringup/share/mujoco_rm_bringup/local_setup.sh
[0.185s] -- Up-to-date symlink: /mujoco_rm_ws/ros2/install/mujoco_rm_bringup/share/mujoco_rm_bringup/local_setup.zsh
[0.185s] -- Up-to-date symlink: /mujoco_rm_ws/ros2/install/mujoco_rm_bringup/share/mujoco_rm_bringup/local_setup.dsv
[0.185s] -- Symlinking: /mujoco_rm_ws/ros2/install/mujoco_rm_bringup/share/mujoco_rm_bringup/package.dsv
[0.190s] -- Up-to-date symlink: /mujoco_rm_ws/ros2/install/mujoco_rm_bringup/share/ament_index/resource_index/packages/mujoco_rm_bringup
[0.190s] -- Up-to-date symlink: /mujoco_rm_ws/ros2/install/mujoco_rm_bringup/share/mujoco_rm_bringup/cmake/mujoco_rm_bringupConfig.cmake
[0.190s] -- Up-to-date symlink: /mujoco_rm_ws/ros2/install/mujoco_rm_bringup/share/mujoco_rm_bringup/cmake/mujoco_rm_bringupConfig-version.cmake
[0.190s] -- Up-to-date symlink: /mujoco_rm_ws/ros2/install/mujoco_rm_bringup/share/mujoco_rm_bringup/package.xml
[0.209s] Listing '/mujoco_rm_ws/ros2/install/mujoco_rm_bringup/local/lib/python3.10/dist-packages/mujoco_rm_bringup'...
[0.209s] Compiling '/mujoco_rm_ws/ros2/install/mujoco_rm_bringup/local/lib/python3.10/dist-packages/mujoco_rm_bringup/joy_base_teleop_node.py'...
[0.209s] Compiling '/mujoco_rm_ws/ros2/install/mujoco_rm_bringup/local/lib/python3.10/dist-packages/mujoco_rm_bringup/mujoco_sim_node.py'...
[0.211s] Invoked command in '/mujoco_rm_ws/ros2/build/mujoco_rm_bringup' returned '0': CMAKE_PREFIX_PATH=/opt/ros/humble /usr/bin/cmake --install /mujoco_rm_ws/ros2/build/mujoco_rm_bringup
